#SHEET INFO, 2 fields:
#[task index, int] [sheet path (may be empty), string]
0   0.item
#ITEMS INFO LIST, 6 fields:
#[task index, int] [item path, string] [reflection around 0Y axis, bool] 
#[ccw rotation angle (degrees), double] [pole x shift, double] [pole y shift, double]
3  geo4    0  90  387  1783
1  geo2    0  180  507  1775
1  geo2    0  180  507  1202
1  geo2    0  180  507  572
3  geo4    0  90  775  1783
3  geo4    0  90  1163  1783
1  geo2    0  180  1015  572
1  geo2    0  180  1015  1718
1  geo2    0  180  1015  1145
0  geo1    0  90  1371  1731.03
3  geo4    0  90  1759  1731.03
1  geo2    0  180  1523  1723.03
0  geo1    0  90  1731  1224
1  geo2    0  180  1523  572
1  geo2    0  180  1523  1145
0  geo1    0  90  1731  1452
3  geo4    0  270  1739  1444
3  geo4    0  90  1911  580
2  geo3    1  191.25  1693.31  1704.35
0  geo1    0  90  1731  1016
3  geo4    0  270  1739  1226
1  geo2    0  180  2031  572
2  geo3    1  191.25  2075.35  1371.29
3  geo4    0  90  1911  798
2  geo3    1  11.25  1950.32  1588.62
2  geo3    1  281.25  1911.36  1646.06
2  geo3    1  101.25  1947.44  1579.89
3  geo4    0  90  2147  1781.95
3  geo4    0  270  1919  790
2  geo3    1  90  2206.27  1189.87
3  geo4    0  270  2214.27  1226
3  geo4    0  281.25  1946.34  1670.64
3  geo4    0  270  2155  1978
2  geo3    0  168.75  2166.89  206.367
3  geo4    0  270  2211.24  1444
2  geo3    1  90  2229  572
2  geo3    1  348.75  2228.33  7.24637
3  geo4    0  90  2299  798
3  geo4    0  90  2687  798
3  geo4    0  90  2617  503.377
2  geo3    0  348.75  2550.65  1088.83
0  geo1    0  90  2239  239
3  geo4    0  270  2247  495.377
2  geo3    0  258.75  2239.35  201.078
3  geo4    0  90  2632.3  1452
3  geo4    0  90  2683.11  8.77866
2  geo3    1  191.25  2583.35  422.668
2  geo3    1  90  2622.44  1941.92
2  geo3    1  90  2589.14  1795
2  geo3    1  90  2678.68  1407.92
